2017-09-18 21:10:52 [main] INFO  com.web.WebApp - Starting WebApp on DESKTOP-OU50A4F with PID 10912 (D:\ProTools\Code\rojao\bigger-fish\bigger-fish-web\target\classes started by Mr3306 in D:\ProTools\Code\rojao\bigger-fish\bigger-fish-web)
2017-09-18 21:10:52 [main] DEBUG com.web.WebApp - Running with Spring Boot v1.5.1.RELEASE, Spring v4.3.6.RELEASE
2017-09-18 21:10:52 [main] INFO  com.web.WebApp - The following profiles are active: dev
2017-09-18 21:10:54 [background-preinit] DEBUG org.jboss.logging - Logging Provider: org.jboss.logging.Slf4jLoggerProvider found via system property
2017-09-18 21:10:56 [main] INFO  o.a.c.core.StandardService - Starting service Tomcat
2017-09-18 21:10:56 [main] INFO  o.a.catalina.core.StandardEngine - Starting Servlet Engine: Apache Tomcat/8.5.11
2017-09-18 21:10:57 [localhost-startStop-1] INFO  o.a.c.c.C.[.[localhost].[/] - Initializing Spring embedded WebApplicationContext
2017-09-18 21:11:00 [main] INFO  o.a.c.http11.Http11NioProtocol - Initializing ProtocolHandler ["http-nio-8800"]
2017-09-18 21:11:00 [main] INFO  o.a.c.http11.Http11NioProtocol - Starting ProtocolHandler [http-nio-8800]
2017-09-18 21:11:00 [main] INFO  o.a.t.util.net.NioSelectorPool - Using a shared selector for servlet write/read
2017-09-18 21:11:00 [main] INFO  com.web.WebApp - Started WebApp in 8.725 seconds (JVM running for 9.491)
2017-09-18 21:11:00 [main] INFO  com.web.WebApp - Start WebApp success
2017-09-18 21:11:25 [http-nio-8800-exec-1] INFO  o.a.c.c.C.[.[localhost].[/] - Initializing Spring FrameworkServlet 'dispatcherServlet'
2017-09-18 21:11:52 [main] INFO  com.web.WebApp - Starting WebApp on DESKTOP-OU50A4F with PID 5220 (D:\ProTools\Code\rojao\bigger-fish\bigger-fish-web\target\classes started by Mr3306 in D:\ProTools\Code\rojao\bigger-fish\bigger-fish-web)
2017-09-18 21:11:52 [main] DEBUG com.web.WebApp - Running with Spring Boot v1.5.1.RELEASE, Spring v4.3.6.RELEASE
2017-09-18 21:11:52 [main] INFO  com.web.WebApp - The following profiles are active: dev
2017-09-18 21:11:53 [background-preinit] DEBUG org.jboss.logging - Logging Provider: org.jboss.logging.Slf4jLoggerProvider found via system property
2017-09-18 21:11:56 [main] INFO  o.a.c.core.StandardService - Starting service Tomcat
2017-09-18 21:11:56 [main] INFO  o.a.catalina.core.StandardEngine - Starting Servlet Engine: Apache Tomcat/8.5.11
2017-09-18 21:11:56 [localhost-startStop-1] INFO  o.a.c.c.C.[.[localhost].[/] - Initializing Spring embedded WebApplicationContext
2017-09-18 21:11:59 [main] INFO  o.a.c.http11.Http11NioProtocol - Initializing ProtocolHandler ["http-nio-8800"]
2017-09-18 21:11:59 [main] INFO  o.a.c.http11.Http11NioProtocol - Starting ProtocolHandler [http-nio-8800]
2017-09-18 21:11:59 [main] INFO  o.a.t.util.net.NioSelectorPool - Using a shared selector for servlet write/read
2017-09-18 21:11:59 [main] INFO  com.web.WebApp - Started WebApp in 8.478 seconds (JVM running for 9.314)
2017-09-18 21:11:59 [main] INFO  com.web.WebApp - Start WebApp success
2017-09-18 21:12:09 [http-nio-8800-exec-1] INFO  o.a.c.c.C.[.[localhost].[/] - Initializing Spring FrameworkServlet 'dispatcherServlet'
2017-09-18 21:13:36 [main] INFO  com.web.WebApp - Starting WebApp on DESKTOP-OU50A4F with PID 9352 (D:\ProTools\Code\rojao\bigger-fish\bigger-fish-web\target\classes started by Mr3306 in D:\ProTools\Code\rojao\bigger-fish\bigger-fish-web)
2017-09-18 21:13:36 [main] DEBUG com.web.WebApp - Running with Spring Boot v1.5.1.RELEASE, Spring v4.3.6.RELEASE
2017-09-18 21:13:36 [main] INFO  com.web.WebApp - The following profiles are active: dev
2017-09-18 21:13:37 [background-preinit] DEBUG org.jboss.logging - Logging Provider: org.jboss.logging.Slf4jLoggerProvider found via system property
2017-09-18 21:13:39 [main] INFO  o.a.c.core.StandardService - Starting service Tomcat
2017-09-18 21:13:39 [main] INFO  o.a.catalina.core.StandardEngine - Starting Servlet Engine: Apache Tomcat/8.5.11
2017-09-18 21:13:39 [localhost-startStop-1] INFO  o.a.c.c.C.[.[localhost].[/] - Initializing Spring embedded WebApplicationContext
2017-09-18 21:13:42 [main] INFO  o.a.c.http11.Http11NioProtocol - Initializing ProtocolHandler ["http-nio-8800"]
2017-09-18 21:13:42 [main] INFO  o.a.c.http11.Http11NioProtocol - Starting ProtocolHandler [http-nio-8800]
2017-09-18 21:13:42 [main] INFO  o.a.t.util.net.NioSelectorPool - Using a shared selector for servlet write/read
2017-09-18 21:13:42 [main] INFO  com.web.WebApp - Started WebApp in 6.793 seconds (JVM running for 7.607)
2017-09-18 21:13:42 [main] INFO  com.web.WebApp - Start WebApp success
2017-09-18 21:13:48 [http-nio-8800-exec-1] INFO  o.a.c.c.C.[.[localhost].[/] - Initializing Spring FrameworkServlet 'dispatcherServlet'
2017-09-18 21:15:37 [main] INFO  com.web.WebApp - Starting WebApp on DESKTOP-OU50A4F with PID 7436 (D:\ProTools\Code\rojao\bigger-fish\bigger-fish-web\target\classes started by Mr3306 in D:\ProTools\Code\rojao\bigger-fish\bigger-fish-web)
2017-09-18 21:15:37 [main] DEBUG com.web.WebApp - Running with Spring Boot v1.5.1.RELEASE, Spring v4.3.6.RELEASE
2017-09-18 21:15:37 [main] INFO  com.web.WebApp - The following profiles are active: dev
2017-09-18 21:15:39 [background-preinit] DEBUG org.jboss.logging - Logging Provider: org.jboss.logging.Slf4jLoggerProvider found via system property
2017-09-18 21:15:41 [main] INFO  o.a.c.core.StandardService - Starting service Tomcat
2017-09-18 21:15:41 [main] INFO  o.a.catalina.core.StandardEngine - Starting Servlet Engine: Apache Tomcat/8.5.11
2017-09-18 21:15:41 [localhost-startStop-1] INFO  o.a.c.c.C.[.[localhost].[/] - Initializing Spring embedded WebApplicationContext
2017-09-18 21:15:43 [main] INFO  o.a.c.http11.Http11NioProtocol - Initializing ProtocolHandler ["http-nio-8800"]
2017-09-18 21:15:43 [main] INFO  o.a.c.http11.Http11NioProtocol - Starting ProtocolHandler [http-nio-8800]
2017-09-18 21:15:44 [main] INFO  o.a.t.util.net.NioSelectorPool - Using a shared selector for servlet write/read
2017-09-18 21:15:44 [main] INFO  com.web.WebApp - Started WebApp in 6.952 seconds (JVM running for 7.578)
2017-09-18 21:15:44 [main] INFO  com.web.WebApp - Start WebApp success
2017-09-18 21:15:55 [http-nio-8800-exec-1] INFO  o.a.c.c.C.[.[localhost].[/] - Initializing Spring FrameworkServlet 'dispatcherServlet'
2017-09-18 21:19:23 [main] INFO  com.web.WebApp - Starting WebApp on DESKTOP-OU50A4F with PID 1664 (D:\ProTools\Code\rojao\bigger-fish\bigger-fish-web\target\classes started by Mr3306 in D:\ProTools\Code\rojao\bigger-fish\bigger-fish-web)
2017-09-18 21:19:23 [main] DEBUG com.web.WebApp - Running with Spring Boot v1.5.1.RELEASE, Spring v4.3.6.RELEASE
2017-09-18 21:19:23 [main] INFO  com.web.WebApp - The following profiles are active: dev
2017-09-18 21:19:24 [background-preinit] DEBUG org.jboss.logging - Logging Provider: org.jboss.logging.Slf4jLoggerProvider found via system property
2017-09-18 21:19:26 [main] INFO  o.a.c.core.StandardService - Starting service Tomcat
2017-09-18 21:19:26 [main] INFO  o.a.catalina.core.StandardEngine - Starting Servlet Engine: Apache Tomcat/8.5.11
2017-09-18 21:19:26 [localhost-startStop-1] INFO  o.a.c.c.C.[.[localhost].[/] - Initializing Spring embedded WebApplicationContext
2017-09-18 21:19:29 [main] INFO  o.a.c.http11.Http11NioProtocol - Initializing ProtocolHandler ["http-nio-8800"]
2017-09-18 21:19:29 [main] INFO  o.a.c.http11.Http11NioProtocol - Starting ProtocolHandler [http-nio-8800]
2017-09-18 21:19:29 [main] INFO  o.a.t.util.net.NioSelectorPool - Using a shared selector for servlet write/read
2017-09-18 21:19:29 [main] INFO  com.web.WebApp - Started WebApp in 6.699 seconds (JVM running for 7.34)
2017-09-18 21:19:29 [main] INFO  com.web.WebApp - Start WebApp success
2017-09-18 21:19:39 [http-nio-8800-exec-1] INFO  o.a.c.c.C.[.[localhost].[/] - Initializing Spring FrameworkServlet 'dispatcherServlet'
2017-09-18 21:21:05 [main] INFO  com.web.WebApp - Starting WebApp on DESKTOP-OU50A4F with PID 5996 (D:\ProTools\Code\rojao\bigger-fish\bigger-fish-web\target\classes started by Mr3306 in D:\ProTools\Code\rojao\bigger-fish\bigger-fish-web)
2017-09-18 21:21:05 [main] DEBUG com.web.WebApp - Running with Spring Boot v1.5.1.RELEASE, Spring v4.3.6.RELEASE
2017-09-18 21:21:05 [main] INFO  com.web.WebApp - The following profiles are active: dev
2017-09-18 21:21:07 [background-preinit] DEBUG org.jboss.logging - Logging Provider: org.jboss.logging.Slf4jLoggerProvider found via system property
2017-09-18 21:21:09 [main] INFO  o.a.c.core.StandardService - Starting service Tomcat
2017-09-18 21:21:09 [main] INFO  o.a.catalina.core.StandardEngine - Starting Servlet Engine: Apache Tomcat/8.5.11
2017-09-18 21:21:09 [localhost-startStop-1] INFO  o.a.c.c.C.[.[localhost].[/] - Initializing Spring embedded WebApplicationContext
2017-09-18 21:21:11 [main] INFO  o.a.c.http11.Http11NioProtocol - Initializing ProtocolHandler ["http-nio-8800"]
2017-09-18 21:21:11 [main] INFO  o.a.c.http11.Http11NioProtocol - Starting ProtocolHandler [http-nio-8800]
2017-09-18 21:21:11 [main] INFO  o.a.t.util.net.NioSelectorPool - Using a shared selector for servlet write/read
2017-09-18 21:21:12 [main] INFO  com.web.WebApp - Started WebApp in 6.742 seconds (JVM running for 7.623)
2017-09-18 21:21:12 [main] INFO  com.web.WebApp - Start WebApp success
2017-09-18 21:21:18 [http-nio-8800-exec-1] INFO  o.a.c.c.C.[.[localhost].[/] - Initializing Spring FrameworkServlet 'dispatcherServlet'
2017-09-18 21:23:40 [main] INFO  com.web.WebApp - Starting WebApp on DESKTOP-OU50A4F with PID 2180 (D:\ProTools\Code\rojao\bigger-fish\bigger-fish-web\target\classes started by Mr3306 in D:\ProTools\Code\rojao\bigger-fish\bigger-fish-web)
2017-09-18 21:23:40 [main] DEBUG com.web.WebApp - Running with Spring Boot v1.5.1.RELEASE, Spring v4.3.6.RELEASE
2017-09-18 21:23:40 [main] INFO  com.web.WebApp - The following profiles are active: dev
2017-09-18 21:23:41 [background-preinit] DEBUG org.jboss.logging - Logging Provider: org.jboss.logging.Slf4jLoggerProvider found via system property
2017-09-18 21:23:44 [main] INFO  o.a.c.core.StandardService - Starting service Tomcat
2017-09-18 21:23:44 [main] INFO  o.a.catalina.core.StandardEngine - Starting Servlet Engine: Apache Tomcat/8.5.11
2017-09-18 21:23:44 [localhost-startStop-1] INFO  o.a.c.c.C.[.[localhost].[/] - Initializing Spring embedded WebApplicationContext
2017-09-18 21:23:47 [main] INFO  o.a.c.http11.Http11NioProtocol - Initializing ProtocolHandler ["http-nio-8800"]
2017-09-18 21:23:48 [main] INFO  o.a.c.http11.Http11NioProtocol - Starting ProtocolHandler [http-nio-8800]
2017-09-18 21:23:48 [main] INFO  o.a.t.util.net.NioSelectorPool - Using a shared selector for servlet write/read
2017-09-18 21:23:48 [main] INFO  com.web.WebApp - Started WebApp in 8.506 seconds (JVM running for 9.193)
2017-09-18 21:23:48 [main] INFO  com.web.WebApp - Start WebApp success
2017-09-18 21:23:50 [http-nio-8800-exec-1] INFO  o.a.c.c.C.[.[localhost].[/] - Initializing Spring FrameworkServlet 'dispatcherServlet'
2017-09-18 21:26:18 [main] INFO  com.web.WebApp - Starting WebApp on DESKTOP-OU50A4F with PID 524 (D:\ProTools\Code\rojao\bigger-fish\bigger-fish-web\target\classes started by Mr3306 in D:\ProTools\Code\rojao\bigger-fish\bigger-fish-web)
2017-09-18 21:26:18 [main] DEBUG com.web.WebApp - Running with Spring Boot v1.5.1.RELEASE, Spring v4.3.6.RELEASE
2017-09-18 21:26:18 [main] INFO  com.web.WebApp - The following profiles are active: dev
2017-09-18 21:26:20 [background-preinit] DEBUG org.jboss.logging - Logging Provider: org.jboss.logging.Slf4jLoggerProvider found via system property
2017-09-18 21:26:22 [main] INFO  o.a.c.core.StandardService - Starting service Tomcat
2017-09-18 21:26:22 [main] INFO  o.a.catalina.core.StandardEngine - Starting Servlet Engine: Apache Tomcat/8.5.11
2017-09-18 21:26:23 [localhost-startStop-1] INFO  o.a.c.c.C.[.[localhost].[/] - Initializing Spring embedded WebApplicationContext
2017-09-18 21:26:26 [main] INFO  o.a.c.http11.Http11NioProtocol - Initializing ProtocolHandler ["http-nio-8800"]
2017-09-18 21:26:26 [main] INFO  o.a.c.http11.Http11NioProtocol - Starting ProtocolHandler [http-nio-8800]
2017-09-18 21:26:26 [main] INFO  o.a.t.util.net.NioSelectorPool - Using a shared selector for servlet write/read
2017-09-18 21:26:26 [main] INFO  com.web.WebApp - Started WebApp in 8.352 seconds (JVM running for 9.056)
2017-09-18 21:26:26 [main] INFO  com.web.WebApp - Start WebApp success
2017-09-18 21:26:49 [http-nio-8800-exec-1] INFO  o.a.c.c.C.[.[localhost].[/] - Initializing Spring FrameworkServlet 'dispatcherServlet'
2017-09-18 21:35:17 [main] INFO  com.web.WebApp - Starting WebApp on DESKTOP-OU50A4F with PID 6236 (D:\ProTools\Code\rojao\bigger-fish\bigger-fish-web\target\classes started by Mr3306 in D:\ProTools\Code\rojao\bigger-fish\bigger-fish-web)
2017-09-18 21:35:17 [main] DEBUG com.web.WebApp - Running with Spring Boot v1.5.1.RELEASE, Spring v4.3.6.RELEASE
2017-09-18 21:35:17 [main] INFO  com.web.WebApp - The following profiles are active: dev
2017-09-18 21:35:18 [background-preinit] DEBUG org.jboss.logging - Logging Provider: org.jboss.logging.Slf4jLoggerProvider found via system property
2017-09-18 21:35:21 [main] INFO  o.a.c.core.StandardService - Starting service Tomcat
2017-09-18 21:35:21 [main] INFO  o.a.catalina.core.StandardEngine - Starting Servlet Engine: Apache Tomcat/8.5.11
2017-09-18 21:35:21 [localhost-startStop-1] INFO  o.a.c.c.C.[.[localhost].[/] - Initializing Spring embedded WebApplicationContext
2017-09-18 21:35:25 [main] INFO  o.a.c.http11.Http11NioProtocol - Initializing ProtocolHandler ["http-nio-8800"]
2017-09-18 21:35:25 [main] INFO  o.a.c.http11.Http11NioProtocol - Starting ProtocolHandler [http-nio-8800]
2017-09-18 21:35:25 [main] INFO  o.a.t.util.net.NioSelectorPool - Using a shared selector for servlet write/read
2017-09-18 21:35:25 [main] INFO  com.web.WebApp - Started WebApp in 9.264 seconds (JVM running for 9.958)
2017-09-18 21:35:25 [main] INFO  com.web.WebApp - Start WebApp success
2017-09-18 21:35:30 [http-nio-8800-exec-1] INFO  o.a.c.c.C.[.[localhost].[/] - Initializing Spring FrameworkServlet 'dispatcherServlet'
2017-09-18 21:36:18 [main] INFO  com.web.WebApp - Starting WebApp on DESKTOP-OU50A4F with PID 8988 (D:\ProTools\Code\rojao\bigger-fish\bigger-fish-web\target\classes started by Mr3306 in D:\ProTools\Code\rojao\bigger-fish\bigger-fish-web)
2017-09-18 21:36:18 [main] DEBUG com.web.WebApp - Running with Spring Boot v1.5.1.RELEASE, Spring v4.3.6.RELEASE
2017-09-18 21:36:18 [main] INFO  com.web.WebApp - The following profiles are active: dev
2017-09-18 21:36:20 [background-preinit] DEBUG org.jboss.logging - Logging Provider: org.jboss.logging.Slf4jLoggerProvider found via system property
2017-09-18 21:36:23 [main] INFO  o.a.c.core.StandardService - Starting service Tomcat
2017-09-18 21:36:23 [main] INFO  o.a.catalina.core.StandardEngine - Starting Servlet Engine: Apache Tomcat/8.5.11
2017-09-18 21:36:24 [localhost-startStop-1] INFO  o.a.c.c.C.[.[localhost].[/] - Initializing Spring embedded WebApplicationContext
2017-09-18 21:36:29 [main] INFO  o.a.c.http11.Http11NioProtocol - Initializing ProtocolHandler ["http-nio-8800"]
2017-09-18 21:36:29 [main] INFO  o.a.c.http11.Http11NioProtocol - Starting ProtocolHandler [http-nio-8800]
2017-09-18 21:36:29 [main] INFO  o.a.t.util.net.NioSelectorPool - Using a shared selector for servlet write/read
2017-09-18 21:36:29 [main] INFO  com.web.WebApp - Started WebApp in 11.971 seconds (JVM running for 12.891)
2017-09-18 21:36:29 [main] INFO  com.web.WebApp - Start WebApp success
2017-09-18 21:36:30 [http-nio-8800-exec-1] INFO  o.a.c.c.C.[.[localhost].[/] - Initializing Spring FrameworkServlet 'dispatcherServlet'
